JvmtiExport can_access_local_variables 0
JvmtiExport can_hotswap_or_post_breakpoint 0
JvmtiExport can_post_on_exceptions 0
# 470 ciObject found
ciMethod org/eclipse/jdt/core/compiler/CharOperation equals ([C[C)Z 9 161 1 0 -1
ciMethod org/eclipse/jdt/internal/compiler/ast/CompilationUnitDeclaration createPackageInfoType ()V 0 0 1 0 -1
ciMethod org/eclipse/jdt/internal/compiler/ast/CompilationUnitDeclaration getMainTypeName ()[C 9 1 1 0 -1
ciMethod org/eclipse/jdt/internal/compiler/ast/CompilationUnitDeclaration isPackageInfo ()Z 0 0 1 0 -1
ciMethod org/eclipse/jdt/internal/compiler/parser/Parser arrayInitializer (I)V 0 0 1 0 -1
ciMethod org/eclipse/jdt/internal/compiler/parser/Parser checkComment ()V 793 9 14 0 -1
ciMethod org/eclipse/jdt/internal/compiler/parser/Parser classInstanceCreation (Z)V 0 0 1 0 -1
ciMethod org/eclipse/jdt/internal/compiler/parser/Parser concatExpressionLists ()V 0 0 1 0 -1
ciMethod org/eclipse/jdt/internal/compiler/parser/Parser concatGenericsLists ()V 65 1 6 0 -1
ciMethod org/eclipse/jdt/internal/compiler/parser/Parser concatNodeLists ()V 305 1 10 0 -1
ciMethod org/eclipse/jdt/internal/compiler/parser/Parser consumeAdditionalBound ()V 0 0 1 0 -1
ciMethod org/eclipse/jdt/internal/compiler/parser/Parser consumeAdditionalBound1 ()V 0 0 1 0 -1
ciMethod org/eclipse/jdt/internal/compiler/parser/Parser consumeAdditionalBoundList ()V 0 0 1 0 -1
ciMethod org/eclipse/jdt/internal/compiler/parser/Parser consumeAdditionalBoundList1 ()V 0 0 1 0 -1
ciMethod org/eclipse/jdt/internal/compiler/parser/Parser consumeAllocationHeader ()V 0 0 1 0 -1
ciMethod org/eclipse/jdt/internal/compiler/parser/Parser consumeAnnotationAsModifier ()V 0 0 1 0 -1
ciMethod org/eclipse/jdt/internal/compiler/parser/Parser consumeAnnotationName ()V 0 0 1 0 -1
ciMethod org/eclipse/jdt/internal/compiler/parser/Parser consumeAnnotationTypeDeclaration ()V 0 0 1 0 -1
ciMethod org/eclipse/jdt/internal/compiler/parser/Parser consumeAnnotationTypeDeclarationHeader ()V 0 0 1 0 -1
ciMethod org/eclipse/jdt/internal/compiler/parser/Parser consumeAnnotationTypeDeclarationHeaderName ()V 0 0 1 0 -1
ciMethod org/eclipse/jdt/internal/compiler/parser/Parser consumeAnnotationTypeDeclarationHeaderNameWithTypeParameters ()V 0 0 1 0 -1
ciMethod org/eclipse/jdt/internal/compiler/parser/Parser consumeAnnotationTypeMemberDeclaration ()V 0 0 1 0 -1
ciMethod org/eclipse/jdt/internal/compiler/parser/Parser consumeAnnotationTypeMemberDeclarations ()V 0 0 1 0 -1
ciMethod org/eclipse/jdt/internal/compiler/parser/Parser consumeAnnotationTypeMemberDeclarationsopt ()V 0 0 1 0 -1
ciMethod org/eclipse/jdt/internal/compiler/parser/Parser consumeArgumentList ()V 0 0 1 0 -1
ciMethod org/eclipse/jdt/internal/compiler/parser/Parser consumeArguments ()V 0 0 1 0 -1
ciMethod org/eclipse/jdt/internal/compiler/parser/Parser consumeArrayAccess (Z)V 0 0 1 0 -1
ciMethod org/eclipse/jdt/internal/compiler/parser/Parser consumeArrayCreationExpressionWithInitializer ()V 0 0 1 0 -1
ciMethod org/eclipse/jdt/internal/compiler/parser/Parser consumeArrayCreationExpressionWithoutInitializer ()V 0 0 1 0 -1
ciMethod org/eclipse/jdt/internal/compiler/parser/Parser consumeArrayCreationHeader ()V 0 0 1 0 -1
ciMethod org/eclipse/jdt/internal/compiler/parser/Parser consumeArrayInitializer ()V 0 0 1 0 -1
ciMethod org/eclipse/jdt/internal/compiler/parser/Parser consumeArrayTypeWithTypeArgumentsName ()V 0 0 1 0 -1
ciMethod org/eclipse/jdt/internal/compiler/parser/Parser consumeAssertStatement ()V 0 0 1 0 -1
ciMethod org/eclipse/jdt/internal/compiler/parser/Parser consumeAssignment ()V 0 0 1 0 -1
ciMethod org/eclipse/jdt/internal/compiler/parser/Parser consumeAssignmentOperator (I)V 0 0 1 0 -1
ciMethod org/eclipse/jdt/internal/compiler/parser/Parser consumeBinaryExpression (I)V 0 0 1 0 -1
ciMethod org/eclipse/jdt/internal/compiler/parser/Parser consumeBinaryExpressionWithName (I)V 0 0 1 0 -1
ciMethod org/eclipse/jdt/internal/compiler/parser/Parser consumeBlock ()V 17 1 2 0 -1
ciMethod org/eclipse/jdt/internal/compiler/parser/Parser consumeBlockStatement ()V 0 0 1 0 -1
ciMethod org/eclipse/jdt/internal/compiler/parser/Parser consumeBlockStatements ()V 0 0 1 0 -1
ciMethod org/eclipse/jdt/internal/compiler/parser/Parser consumeCaseLabel ()V 0 0 1 0 -1
ciMethod org/eclipse/jdt/internal/compiler/parser/Parser consumeCastExpressionLL1 ()V 0 0 1 0 -1
ciMethod org/eclipse/jdt/internal/compiler/parser/Parser consumeCastExpressionLL1WithBounds ()V 0 0 1 0 -1
ciMethod org/eclipse/jdt/internal/compiler/parser/Parser consumeCastExpressionWithGenericsArray ()V 0 0 1 0 -1
ciMethod org/eclipse/jdt/internal/compiler/parser/Parser consumeCastExpressionWithNameArray ()V 0 0 1 0 -1
ciMethod org/eclipse/jdt/internal/compiler/parser/Parser consumeCastExpressionWithPrimitiveType ()V 0 0 1 0 -1
ciMethod org/eclipse/jdt/internal/compiler/parser/Parser consumeCastExpressionWithQualifiedGenericsArray ()V 0 0 1 0 -1
ciMethod org/eclipse/jdt/internal/compiler/parser/Parser consumeCatches ()V 0 0 1 0 -1
ciMethod org/eclipse/jdt/internal/compiler/parser/Parser consumeCatchFormalParameter ()V 0 0 1 0 -1
ciMethod org/eclipse/jdt/internal/compiler/parser/Parser consumeCatchHeader ()V 0 0 1 0 -1
ciMethod org/eclipse/jdt/internal/compiler/parser/Parser consumeCatchType ()V 0 0 1 0 -1
ciMethod org/eclipse/jdt/internal/compiler/parser/Parser consumeClassBodyDeclaration ()V 0 0 1 0 -1
ciMethod org/eclipse/jdt/internal/compiler/parser/Parser consumeClassBodyDeclarations ()V 305 1 10 0 -1
ciMethod org/eclipse/jdt/internal/compiler/parser/Parser consumeClassBodyDeclarationsopt ()V 9 1 1 0 -1
ciMethod org/eclipse/jdt/internal/compiler/parser/Parser consumeClassBodyopt ()V 0 0 1 0 -1
ciMethod org/eclipse/jdt/internal/compiler/parser/Parser consumeClassDeclaration ()V 9 1 1 0 -1
ciMethod org/eclipse/jdt/internal/compiler/parser/Parser consumeClassHeader ()V 9 1 1 0 -1
ciMethod org/eclipse/jdt/internal/compiler/parser/Parser consumeClassHeaderExtends ()V 9 1 1 0 -1
ciMethod org/eclipse/jdt/internal/compiler/parser/Parser consumeClassHeaderImplements ()V 9 17 1 0 -1
ciMethod org/eclipse/jdt/internal/compiler/parser/Parser consumeClassHeaderName1 ()V 9 1 1 0 -1
ciMethod org/eclipse/jdt/internal/compiler/parser/Parser consumeClassInstanceCreationExpression ()V 0 0 1 0 -1
ciMethod org/eclipse/jdt/internal/compiler/parser/Parser consumeClassInstanceCreationExpressionName ()V 0 0 1 0 -1
ciMethod org/eclipse/jdt/internal/compiler/parser/Parser consumeClassInstanceCreationExpressionQualified ()V 0 0 1 0 -1
ciMethod org/eclipse/jdt/internal/compiler/parser/Parser consumeClassInstanceCreationExpressionQualifiedWithTypeArguments ()V 0 0 1 0 -1
ciMethod org/eclipse/jdt/internal/compiler/parser/Parser consumeClassInstanceCreationExpressionWithTypeArguments ()V 0 0 1 0 -1
ciMethod org/eclipse/jdt/internal/compiler/parser/Parser consumeClassOrInterface ()V 0 0 1 0 -1
ciMethod org/eclipse/jdt/internal/compiler/parser/Parser consumeClassOrInterfaceName ()V 697 1 19 0 -1
ciMethod org/eclipse/jdt/internal/compiler/parser/Parser consumeClassTypeElt ()V 177 1 1 0 -1
ciMethod org/eclipse/jdt/internal/compiler/parser/Parser consumeClassTypeList ()V 9 1 1 0 -1
ciMethod org/eclipse/jdt/internal/compiler/parser/Parser consumeCompilationUnit ()V 0 0 1 0 -1
ciMethod org/eclipse/jdt/internal/compiler/parser/Parser consumeConditionalExpression (I)V 0 0 1 0 -1
ciMethod org/eclipse/jdt/internal/compiler/parser/Parser consumeConditionalExpressionWithName (I)V 0 0 1 0 -1
ciMethod org/eclipse/jdt/internal/compiler/parser/Parser consumeConstructorDeclaration ()V 0 0 1 0 -1
ciMethod org/eclipse/jdt/internal/compiler/parser/Parser consumeConstructorHeader ()V 0 0 1 0 -1
ciMethod org/eclipse/jdt/internal/compiler/parser/Parser consumeConstructorHeaderName ()V 0 0 1 0 -1
ciMethod org/eclipse/jdt/internal/compiler/parser/Parser consumeConstructorHeaderNameWithTypeParameters ()V 0 0 1 0 -1
ciMethod org/eclipse/jdt/internal/compiler/parser/Parser consumeCreateInitializer ()V 0 0 1 0 -1
ciMethod org/eclipse/jdt/internal/compiler/parser/Parser consumeDefaultLabel ()V 0 0 1 0 -1
ciMethod org/eclipse/jdt/internal/compiler/parser/Parser consumeDefaultModifiers ()V 449 1 1 0 -1
ciMethod org/eclipse/jdt/internal/compiler/parser/Parser consumeDiet ()V 0 0 1 0 -1
ciMethod org/eclipse/jdt/internal/compiler/parser/Parser consumeDims ()V 145 1 1 0 -1
ciMethod org/eclipse/jdt/internal/compiler/parser/Parser consumeDimWithOrWithOutExpr ()V 0 0 1 0 -1
ciMethod org/eclipse/jdt/internal/compiler/parser/Parser consumeDimWithOrWithOutExprs ()V 0 0 1 0 -1
ciMethod org/eclipse/jdt/internal/compiler/parser/Parser consumeUnionType ()V 0 0 1 0 -1
ciMethod org/eclipse/jdt/internal/compiler/parser/Parser consumeUnionTypeAsClassType ()V 0 0 1 0 -1
ciMethod org/eclipse/jdt/internal/compiler/parser/Parser consumeEmptyAnnotationTypeMemberDeclarationsopt ()V 0 0 1 0 -1
ciMethod org/eclipse/jdt/internal/compiler/parser/Parser consumeEmptyArgumentListopt ()V 9 1 1 0 -1
ciMethod org/eclipse/jdt/internal/compiler/parser/Parser consumeEmptyArguments ()V 0 0 1 0 -1
ciMethod org/eclipse/jdt/internal/compiler/parser/Parser consumeEmptyArrayInitializer ()V 0 0 1 0 -1
ciMethod org/eclipse/jdt/internal/compiler/parser/Parser consumeEmptyBlockStatementsopt ()V 241 1 9 0 -1
ciMethod org/eclipse/jdt/internal/compiler/parser/Parser consumeEmptyCatchesopt ()V 0 0 1 0 -1
ciMethod org/eclipse/jdt/internal/compiler/parser/Parser consumeEmptyClassBodyDeclarationsopt ()V 0 0 1 0 -1
ciMethod org/eclipse/jdt/internal/compiler/parser/Parser consumeEmptyDimsopt ()V 761 1 19 0 -1
ciMethod org/eclipse/jdt/internal/compiler/parser/Parser consumeEmptyEnumDeclarations ()V 0 0 1 0 -1
ciMethod org/eclipse/jdt/internal/compiler/parser/Parser consumeEmptyExpression ()V 0 0 1 0 -1
ciMethod org/eclipse/jdt/internal/compiler/parser/Parser consumeEmptyForInitopt ()V 0 0 1 0 -1
ciMethod org/eclipse/jdt/internal/compiler/parser/Parser consumeEmptyForUpdateopt ()V 0 0 1 0 -1
ciMethod org/eclipse/jdt/internal/compiler/parser/Parser consumeEmptyInterfaceMemberDeclarationsopt ()V 0 0 1 0 -1
ciMethod org/eclipse/jdt/internal/compiler/parser/Parser consumeEmptyInternalCompilationUnit ()V 0 0 1 0 -1
ciMethod org/eclipse/jdt/internal/compiler/parser/Parser consumeEmptyMemberValueArrayInitializer ()V 0 0 1 0 -1
ciMethod org/eclipse/jdt/internal/compiler/parser/Parser consumeEmptyMemberValuePairsopt ()V 0 0 1 0 -1
ciMethod org/eclipse/jdt/internal/compiler/parser/Parser consumeEmptyMethodHeaderDefaultValue ()V 0 0 1 0 -1
ciMethod org/eclipse/jdt/internal/compiler/parser/Parser consumeEmptyStatement ()V 0 0 1 0 -1
ciMethod org/eclipse/jdt/internal/compiler/parser/Parser consumeEmptySwitchBlock ()V 0 0 1 0 -1
ciMethod org/eclipse/jdt/internal/compiler/parser/Parser consumeEmptyTypeDeclaration ()V 0 0 1 0 -1
ciMethod org/eclipse/jdt/internal/compiler/parser/Parser consumeEnhancedForStatement ()V 0 0 1 0 -1
ciMethod org/eclipse/jdt/internal/compiler/parser/Parser consumeEnhancedForStatementHeader ()V 0 0 1 0 -1
ciMethod org/eclipse/jdt/internal/compiler/parser/Parser consumeEnhancedForStatementHeaderInit (Z)V 0 0 1 0 -1
ciMethod org/eclipse/jdt/internal/compiler/parser/Parser consumeEnterAnonymousClassBody (Z)V 0 0 1 0 -1
ciMethod org/eclipse/jdt/internal/compiler/parser/Parser consumeEnterCompilationUnit ()V 9 1 1 0 -1
ciMethod org/eclipse/jdt/internal/compiler/parser/Parser consumeEnterMemberValue ()V 0 0 1 0 -1
ciMethod org/eclipse/jdt/internal/compiler/parser/Parser consumeEnterMemberValueArrayInitializer ()V 0 0 1 0 -1
ciMethod org/eclipse/jdt/internal/compiler/parser/Parser consumeEnterVariable ()V 73 1 9 0 -1
ciMethod org/eclipse/jdt/internal/compiler/parser/Parser consumeEnumBodyNoConstants ()V 0 0 1 0 -1
ciMethod org/eclipse/jdt/internal/compiler/parser/Parser consumeEnumBodyWithConstants ()V 0 0 1 0 -1
ciMethod org/eclipse/jdt/internal/compiler/parser/Parser consumeEnumConstantHeader ()V 0 0 1 0 -1
ciMethod org/eclipse/jdt/internal/compiler/parser/Parser consumeEnumConstantHeaderName ()V 0 0 1 0 -1
ciMethod org/eclipse/jdt/internal/compiler/parser/Parser consumeEnumConstantNoClassBody ()V 0 0 1 0 -1
ciMethod org/eclipse/jdt/internal/compiler/parser/Parser consumeEnumConstants ()V 0 0 1 0 -1
ciMethod org/eclipse/jdt/internal/compiler/parser/Parser consumeEnumConstantWithClassBody ()V 0 0 1 0 -1
ciMethod org/eclipse/jdt/internal/compiler/parser/Parser consumeEnumDeclaration ()V 0 0 1 0 -1
ciMethod org/eclipse/jdt/internal/compiler/parser/Parser consumeEnumDeclarations ()V 0 0 1 0 -1
ciMethod org/eclipse/jdt/internal/compiler/parser/Parser consumeEnumHeader ()V 0 0 1 0 -1
ciMethod org/eclipse/jdt/internal/compiler/parser/Parser consumeEnumHeaderName ()V 0 0 1 0 -1
ciMethod org/eclipse/jdt/internal/compiler/parser/Parser consumeEnumHeaderNameWithTypeParameters ()V 0 0 1 0 -1
ciMethod org/eclipse/jdt/internal/compiler/parser/Parser consumeEqualityExpression (I)V 0 0 1 0 -1
ciMethod org/eclipse/jdt/internal/compiler/parser/Parser consumeEqualityExpressionWithName (I)V 0 0 1 0 -1
ciMethod org/eclipse/jdt/internal/compiler/parser/Parser consumeExitMemberValue ()V 0 0 1 0 -1
ciMethod org/eclipse/jdt/internal/compiler/parser/Parser consumeExitTryBlock ()V 0 0 1 0 -1
ciMethod org/eclipse/jdt/internal/compiler/parser/Parser consumeExitVariableWithInitialization ()V 9 1 1 0 -1
ciMethod org/eclipse/jdt/internal/compiler/parser/Parser consumeExitVariableWithoutInitialization ()V 65 1 8 0 -1
ciMethod org/eclipse/jdt/internal/compiler/parser/Parser consumeExplicitConstructorInvocation (II)V 0 0 1 0 -1
ciMethod org/eclipse/jdt/internal/compiler/parser/Parser consumeExplicitConstructorInvocationWithTypeArguments (II)V 0 0 1 0 -1
ciMethod org/eclipse/jdt/internal/compiler/parser/Parser consumeExpressionStatement ()V 0 0 1 0 -1
ciMethod org/eclipse/jdt/internal/compiler/parser/Parser consumeFieldAccess (Z)V 0 0 1 0 -1
ciMethod org/eclipse/jdt/internal/compiler/parser/Parser consumeFieldDeclaration ()V 73 73 9 0 -1
ciMethod org/eclipse/jdt/internal/compiler/parser/Parser consumeForceNoDiet ()V 9 1 1 0 -1
ciMethod org/eclipse/jdt/internal/compiler/parser/Parser consumeForInit ()V 0 0 1 0 -1
ciMethod org/eclipse/jdt/internal/compiler/parser/Parser consumeFormalParameter (Z)V 465 1 1 0 -1
ciMethod org/eclipse/jdt/internal/compiler/parser/Parser consumeFormalParameterList ()V 297 1 1 0 -1
ciMethod org/eclipse/jdt/internal/compiler/parser/Parser consumeFormalParameterListopt ()V 57 1 7 0 -1
ciMethod org/eclipse/jdt/internal/compiler/parser/Parser consumeGenericType ()V 49 1 4 0 -1
ciMethod org/eclipse/jdt/internal/compiler/parser/Parser consumeGenericTypeArrayType ()V 0 0 1 0 -1
ciMethod org/eclipse/jdt/internal/compiler/parser/Parser consumeGenericTypeNameArrayType ()V 0 0 1 0 -1
ciMethod org/eclipse/jdt/internal/compiler/parser/Parser consumeGenericTypeWithDiamond ()V 0 0 1 0 -1
ciMethod org/eclipse/jdt/internal/compiler/parser/Parser consumeImportDeclaration ()V 33 1 4 0 -1
ciMethod org/eclipse/jdt/internal/compiler/parser/Parser consumeImportDeclarations ()V 25 1 3 0 -1
ciMethod org/eclipse/jdt/internal/compiler/parser/Parser consumeInsideCastExpression ()V 0 0 1 0 -1
ciMethod org/eclipse/jdt/internal/compiler/parser/Parser consumeInsideCastExpressionLL1 ()V 0 0 1 0 -1
ciMethod org/eclipse/jdt/internal/compiler/parser/Parser consumeInsideCastExpressionLL1WithBounds ()V 0 0 1 0 -1
ciMethod org/eclipse/jdt/internal/compiler/parser/Parser consumeInsideCastExpressionWithQualifiedGenerics ()V 0 0 1 0 -1
ciMethod org/eclipse/jdt/internal/compiler/parser/Parser consumeInstanceOfExpression ()V 0 0 1 0 -1
ciMethod org/eclipse/jdt/internal/compiler/parser/Parser consumeInstanceOfExpressionWithName ()V 0 0 1 0 -1
ciMethod org/eclipse/jdt/internal/compiler/parser/Parser consumeInterfaceDeclaration ()V 0 0 1 0 -1
ciMethod org/eclipse/jdt/internal/compiler/parser/Parser consumeInterfaceHeader ()V 0 0 1 0 -1
ciMethod org/eclipse/jdt/internal/compiler/parser/Parser consumeInterfaceHeaderExtends ()V 0 0 1 0 -1
ciMethod org/eclipse/jdt/internal/compiler/parser/Parser consumeInterfaceHeaderName1 ()V 0 0 1 0 -1
ciMethod org/eclipse/jdt/internal/compiler/parser/Parser consumeInterfaceMemberDeclarations ()V 0 0 1 0 -1
ciMethod org/eclipse/jdt/internal/compiler/parser/Parser consumeInterfaceMemberDeclarationsopt ()V 0 0 1 0 -1
ciMethod org/eclipse/jdt/internal/compiler/parser/Parser consumeInterfaceType ()V 17 1 2 0 -1
ciMethod org/eclipse/jdt/internal/compiler/parser/Parser consumeInterfaceTypeList ()V 9 1 1 0 -1
ciMethod org/eclipse/jdt/internal/compiler/parser/Parser consumeInternalCompilationUnit ()V 0 0 1 0 -1
ciMethod org/eclipse/jdt/internal/compiler/parser/Parser consumeInternalCompilationUnitWithTypes ()V 0 0 1 0 -1
ciMethod org/eclipse/jdt/internal/compiler/parser/Parser consumeInvalidAnnotationTypeDeclaration ()V 0 0 1 0 -1
ciMethod org/eclipse/jdt/internal/compiler/parser/Parser consumeInvalidConstructorDeclaration ()V 0 0 1 0 -1
ciMethod org/eclipse/jdt/internal/compiler/parser/Parser consumeInvalidConstructorDeclaration (Z)V 0 0 1 0 -1
ciMethod org/eclipse/jdt/internal/compiler/parser/Parser consumeInvalidEnumDeclaration ()V 0 0 1 0 -1
ciMethod org/eclipse/jdt/internal/compiler/parser/Parser consumeInvalidInterfaceDeclaration ()V 0 0 1 0 -1
ciMethod org/eclipse/jdt/internal/compiler/parser/Parser consumeInterfaceMethodDeclaration (Z)V 0 0 1 0 -1
ciMethod org/eclipse/jdt/internal/compiler/parser/Parser consumeLabel ()V 0 0 1 0 -1
ciMethod org/eclipse/jdt/internal/compiler/parser/Parser consumeLeftParen ()V 0 0 1 0 -1
ciMethod org/eclipse/jdt/internal/compiler/parser/Parser consumeLocalVariableDeclaration ()V 0 0 1 0 -1
ciMethod org/eclipse/jdt/internal/compiler/parser/Parser consumeLocalVariableDeclarationStatement ()V 0 0 1 0 -1
ciMethod org/eclipse/jdt/internal/compiler/parser/Parser consumeMarkerAnnotation (Z)V 0 0 1 0 -1
ciMethod org/eclipse/jdt/internal/compiler/parser/Parser consumeMemberValueArrayInitializer ()V 0 0 1 0 -1
ciMethod org/eclipse/jdt/internal/compiler/parser/Parser consumeMemberValueAsName ()V 0 0 1 0 -1
ciMethod org/eclipse/jdt/internal/compiler/parser/Parser consumeMemberValuePair ()V 0 0 1 0 -1
ciMethod org/eclipse/jdt/internal/compiler/parser/Parser consumeMemberValuePairs ()V 0 0 1 0 -1
ciMethod org/eclipse/jdt/internal/compiler/parser/Parser consumeMemberValues ()V 0 0 1 0 -1
ciMethod org/eclipse/jdt/internal/compiler/parser/Parser consumeMethodBody ()V 225 1 1 0 -1
ciMethod org/eclipse/jdt/internal/compiler/parser/Parser consumeMethodDeclaration (ZZ)V 225 1 1 0 -1
ciMethod org/eclipse/jdt/internal/compiler/parser/Parser consumeMethodHeader ()V 225 1 1 0 -1
ciMethod org/eclipse/jdt/internal/compiler/parser/Parser consumeMethodHeaderDefaultValue ()V 0 0 1 0 -1
ciMethod org/eclipse/jdt/internal/compiler/parser/Parser consumeMethodHeaderExtendedDims ()V 225 1 1 0 -1
ciMethod org/eclipse/jdt/internal/compiler/parser/Parser consumeMethodHeaderName (Z)V 225 1 1 0 -1
ciMethod org/eclipse/jdt/internal/compiler/parser/Parser consumeMethodHeaderNameWithTypeParameters (Z)V 0 0 1 0 -1
ciMethod org/eclipse/jdt/internal/compiler/parser/Parser consumeMethodHeaderRightParen ()V 225 465 1 0 -1
ciMethod org/eclipse/jdt/internal/compiler/parser/Parser consumeMethodHeaderThrowsClause ()V 169 1 1 0 -1
ciMethod org/eclipse/jdt/internal/compiler/parser/Parser consumeInvocationExpression ()V 9 1 1 0 -1
ciMethod org/eclipse/jdt/internal/compiler/parser/Parser consumeMethodInvocationName ()V 9 1 1 0 -1
ciMethod org/eclipse/jdt/internal/compiler/parser/Parser consumeMethodInvocationNameWithTypeArguments ()V 0 0 1 0 -1
ciMethod org/eclipse/jdt/internal/compiler/parser/Parser consumeMethodInvocationPrimary ()V 0 0 1 0 -1
ciMethod org/eclipse/jdt/internal/compiler/parser/Parser consumeMethodInvocationPrimaryWithTypeArguments ()V 0 0 1 0 -1
ciMethod org/eclipse/jdt/internal/compiler/parser/Parser consumeMethodInvocationSuper ()V 0 0 1 0 -1
ciMethod org/eclipse/jdt/internal/compiler/parser/Parser consumeMethodInvocationSuperWithTypeArguments ()V 0 0 1 0 -1
ciMethod org/eclipse/jdt/internal/compiler/parser/Parser consumeModifiers ()V 321 1 20 0 -1
ciMethod org/eclipse/jdt/internal/compiler/parser/Parser consumeModifiers2 ()V 81 1 10 0 -1
ciMethod org/eclipse/jdt/internal/compiler/parser/Parser consumeMultipleResources ()V 0 0 1 0 -1
ciMethod org/eclipse/jdt/internal/compiler/parser/Parser consumeTypeAnnotation ()V 0 0 1 0 -1
ciMethod org/eclipse/jdt/internal/compiler/parser/Parser consumeOneMoreTypeAnnotation ()V 0 0 1 0 -1
ciMethod org/eclipse/jdt/internal/compiler/parser/Parser consumeNameArrayType ()V 0 0 1 0 -1
ciMethod org/eclipse/jdt/internal/compiler/parser/Parser consumeNestedMethod ()V 225 1 2 0 -1
ciMethod org/eclipse/jdt/internal/compiler/parser/Parser consumeNestedType ()V 9 1 1 0 -1
ciMethod org/eclipse/jdt/internal/compiler/parser/Parser consumeNormalAnnotation (Z)V 0 0 1 0 -1
ciMethod org/eclipse/jdt/internal/compiler/parser/Parser consumeOneDimLoop (Z)V 145 1 1 0 -1
ciMethod org/eclipse/jdt/internal/compiler/parser/Parser consumeOnlySynchronized ()V 0 0 1 0 -1
ciMethod org/eclipse/jdt/internal/compiler/parser/Parser consumeOnlyTypeArguments ()V 0 0 1 0 -1
ciMethod org/eclipse/jdt/internal/compiler/parser/Parser consumeOnlyTypeArgumentsForCastExpression ()V 0 0 1 0 -1
ciMethod org/eclipse/jdt/internal/compiler/parser/Parser consumeOpenBlock ()V 241 1 4 0 -1
ciMethod org/eclipse/jdt/internal/compiler/parser/Parser consumePackageComment ()V 9 1 1 0 -1
ciMethod org/eclipse/jdt/internal/compiler/parser/Parser consumePackageDeclaration ()V 9 1 1 0 -1
ciMethod org/eclipse/jdt/internal/compiler/parser/Parser consumePackageDeclarationName ()V 9 1 1 0 -1
ciMethod org/eclipse/jdt/internal/compiler/parser/Parser consumePackageDeclarationNameWithModifiers ()V 0 0 1 0 -1
ciMethod org/eclipse/jdt/internal/compiler/parser/Parser consumePostfixExpression ()V 0 0 1 0 -1
ciMethod org/eclipse/jdt/internal/compiler/parser/Parser consumePrimaryNoNewArray ()V 0 0 1 0 -1
ciMethod org/eclipse/jdt/internal/compiler/parser/Parser consumePrimaryNoNewArrayArrayType ()V 0 0 1 0 -1
ciMethod org/eclipse/jdt/internal/compiler/parser/Parser consumePrimaryNoNewArrayName ()V 0 0 1 0 -1
ciMethod org/eclipse/jdt/internal/compiler/parser/Parser consumeQualifiedSuperReceiver ()V 0 0 1 0 -1
ciMethod org/eclipse/jdt/internal/compiler/parser/Parser consumePrimaryNoNewArrayNameThis ()V 0 0 1 0 -1
ciMethod org/eclipse/jdt/internal/compiler/parser/Parser consumePrimaryNoNewArrayPrimitiveArrayType ()V 0 0 1 0 -1
ciMethod org/eclipse/jdt/internal/compiler/parser/Parser consumePrimaryNoNewArrayPrimitiveType ()V 0 0 1 0 -1
ciMethod org/eclipse/jdt/internal/compiler/parser/Parser consumePrimaryNoNewArrayThis ()V 0 0 1 0 -1
ciMethod org/eclipse/jdt/internal/compiler/parser/Parser consumePrimaryNoNewArrayWithName ()V 0 0 1 0 -1
ciMethod org/eclipse/jdt/internal/compiler/parser/Parser consumePrimitiveArrayType ()V 145 1 1 0 -1
ciMethod org/eclipse/jdt/internal/compiler/parser/Parser consumePrimitiveType ()V 185 1 1 0 -1
ciMethod org/eclipse/jdt/internal/compiler/parser/Parser consumePushLeftBrace ()V 0 0 1 0 -1
ciMethod org/eclipse/jdt/internal/compiler/parser/Parser consumePushModifiers ()V 0 0 1 0 -1
ciMethod org/eclipse/jdt/internal/compiler/parser/Parser consumePushCombineModifiers ()V 0 0 1 0 -1
ciMethod org/eclipse/jdt/internal/compiler/parser/Parser consumePushModifiersForHeader ()V 0 0 1 0 -1
ciMethod org/eclipse/jdt/internal/compiler/parser/Parser consumePushPosition ()V 0 0 1 0 -1
ciMethod org/eclipse/jdt/internal/compiler/parser/Parser consumePushRealModifiers ()V 0 0 1 0 -1
ciMethod org/eclipse/jdt/internal/compiler/parser/Parser consumeQualifiedName (Z)V 2113 1 69 0 -1
ciMethod org/eclipse/jdt/internal/compiler/parser/Parser consumeUnannotatableQualifiedName ()V 0 0 1 0 -1
ciMethod org/eclipse/jdt/internal/compiler/parser/Parser consumeRecoveryMethodHeaderName ()V 0 0 1 0 -1
ciMethod org/eclipse/jdt/internal/compiler/parser/Parser consumeRecoveryMethodHeaderNameWithTypeParameters ()V 0 0 1 0 -1
ciMethod org/eclipse/jdt/internal/compiler/parser/Parser consumeReduceImports ()V 9 1 1 0 -1
ciMethod org/eclipse/jdt/internal/compiler/parser/Parser consumeReferenceType ()V 497 1 16 0 -1
ciMethod org/eclipse/jdt/internal/compiler/parser/Parser consumeReferenceType1 ()V 49 1 6 0 -1
ciMethod org/eclipse/jdt/internal/compiler/parser/Parser consumeReferenceType2 ()V 0 0 1 0 -1
ciMethod org/eclipse/jdt/internal/compiler/parser/Parser consumeReferenceType3 ()V 0 0 1 0 -1
ciMethod org/eclipse/jdt/internal/compiler/parser/Parser consumeResourceAsLocalVariableDeclaration ()V 0 0 1 0 -1
ciMethod org/eclipse/jdt/internal/compiler/parser/Parser consumeResourceSpecification ()V 0 0 1 0 -1
ciMethod org/eclipse/jdt/internal/compiler/parser/Parser consumeResourceOptionalTrailingSemiColon (Z)V 0 0 1 0 -1
ciMethod org/eclipse/jdt/internal/compiler/parser/Parser consumeRestoreDiet ()V 9 1 1 0 -1
ciMethod org/eclipse/jdt/internal/compiler/parser/Parser consumeRightParen ()V 0 0 1 0 -1
ciMethod org/eclipse/jdt/internal/compiler/parser/Parser consumeNonTypeUseName ()V 49 177 6 0 -1
ciMethod org/eclipse/jdt/internal/compiler/parser/Parser consumeZeroTypeAnnotations ()V 1073 1 25 0 -1
ciMethod org/eclipse/jdt/internal/compiler/parser/Parser consumeRule (I)V 4097 1 285 0 -1
ciMethod org/eclipse/jdt/internal/compiler/parser/Parser consumeVariableDeclaratorIdParameter ()V 465 1 1 0 -1
ciMethod org/eclipse/jdt/internal/compiler/parser/Parser consumeExplicitThisParameter (Z)V 0 0 1 0 -1
ciMethod org/eclipse/jdt/internal/compiler/parser/Parser consumeNestedLambda ()V 0 0 1 0 -1
ciMethod org/eclipse/jdt/internal/compiler/parser/Parser consumeLambdaExpression ()V 0 0 1 0 -1
ciMethod org/eclipse/jdt/internal/compiler/parser/Parser consumeTypeElidedLambdaParameter (Z)V 0 0 1 0 -1
ciMethod org/eclipse/jdt/internal/compiler/parser/Parser consumeElidedLeftBraceAndReturn ()V 0 0 1 0 -1
ciMethod org/eclipse/jdt/internal/compiler/parser/Parser consumeExpression ()V 9 1 1 0 -1
ciMethod org/eclipse/jdt/internal/compiler/parser/Parser consumeIdentifierOrNew (Z)V 0 0 1 0 -1
ciMethod org/eclipse/jdt/internal/compiler/parser/Parser consumeEmptyTypeArguments ()V 0 0 1 0 -1
ciMethod org/eclipse/jdt/internal/compiler/parser/Parser consumeReferenceExpressionTypeForm (Z)V 0 0 1 0 -1
ciMethod org/eclipse/jdt/internal/compiler/parser/Parser consumeReferenceExpressionPrimaryForm ()V 0 0 1 0 -1
ciMethod org/eclipse/jdt/internal/compiler/parser/Parser consumeReferenceExpressionSuperForm ()V 0 0 1 0 -1
ciMethod org/eclipse/jdt/internal/compiler/parser/Parser consumeReferenceExpressionTypeArgumentsAndTrunk (Z)V 0 0 1 0 -1
ciMethod org/eclipse/jdt/internal/compiler/parser/Parser consumeReferenceExpressionGenericTypeForm ()V 0 0 1 0 -1
ciMethod org/eclipse/jdt/internal/compiler/parser/Parser consumeEnterInstanceCreationArgumentList ()V 0 0 1 0 -1
ciMethod org/eclipse/jdt/internal/compiler/parser/Parser consumeSimpleAssertStatement ()V 0 0 1 0 -1
ciMethod org/eclipse/jdt/internal/compiler/parser/Parser consumeSingleMemberAnnotation (Z)V 0 0 1 0 -1
ciMethod org/eclipse/jdt/internal/compiler/parser/Parser consumeSingleMemberAnnotationMemberValue ()V 0 0 1 0 -1
ciMethod org/eclipse/jdt/internal/compiler/parser/Parser consumeSingleResource ()V 0 0 1 0 -1
ciMethod org/eclipse/jdt/internal/compiler/parser/Parser consumeSingleStaticImportDeclarationName ()V 0 0 1 0 -1
ciMethod org/eclipse/jdt/internal/compiler/parser/Parser consumeSingleTypeImportDeclarationName ()V 9 1 1 0 -1
ciMethod org/eclipse/jdt/internal/compiler/parser/Parser consumeStatementBreak ()V 0 0 1 0 -1
ciMethod org/eclipse/jdt/internal/compiler/parser/Parser consumeStatementBreakWithLabel ()V 0 0 1 0 -1
ciMethod org/eclipse/jdt/internal/compiler/parser/Parser consumeStatementCatch ()V 0 0 1 0 -1
ciMethod org/eclipse/jdt/internal/compiler/parser/Parser consumeStatementContinue ()V 0 0 1 0 -1
ciMethod org/eclipse/jdt/internal/compiler/parser/Parser consumeStatementContinueWithLabel ()V 0 0 1 0 -1
ciMethod org/eclipse/jdt/internal/compiler/parser/Parser consumeStatementDo ()V 0 0 1 0 -1
ciMethod org/eclipse/jdt/internal/compiler/parser/Parser consumeStatementExpressionList ()V 0 0 1 0 -1
ciMethod org/eclipse/jdt/internal/compiler/parser/Parser consumeStatementFor ()V 0 0 1 0 -1
ciMethod org/eclipse/jdt/internal/compiler/parser/Parser consumeStatementIfNoElse ()V 0 0 1 0 -1
ciMethod org/eclipse/jdt/internal/compiler/parser/Parser consumeStatementIfWithElse ()V 0 0 1 0 -1
ciMethod org/eclipse/jdt/internal/compiler/parser/Parser consumeStatementLabel ()V 0 0 1 0 -1
ciMethod org/eclipse/jdt/internal/compiler/parser/Parser consumeStatementReturn ()V 0 0 1 0 -1
ciMethod org/eclipse/jdt/internal/compiler/parser/Parser consumeStatementSwitch ()V 0 0 1 0 -1
ciMethod org/eclipse/jdt/internal/compiler/parser/Parser consumeStatementSynchronized ()V 0 0 1 0 -1
ciMethod org/eclipse/jdt/internal/compiler/parser/Parser consumeStatementThrow ()V 0 0 1 0 -1
ciMethod org/eclipse/jdt/internal/compiler/parser/Parser consumeStatementTry (ZZ)V 0 0 1 0 -1
ciMethod org/eclipse/jdt/internal/compiler/parser/Parser consumeStatementWhile ()V 0 0 1 0 -1
ciMethod org/eclipse/jdt/internal/compiler/parser/Parser consumeStaticImportOnDemandDeclarationName ()V 0 0 1 0 -1
ciMethod org/eclipse/jdt/internal/compiler/parser/Parser consumeStaticInitializer ()V 17 1 2 0 -1
ciMethod org/eclipse/jdt/internal/compiler/parser/Parser consumeStaticOnly ()V 17 1 2 0 -1
ciMethod org/eclipse/jdt/internal/compiler/parser/Parser consumeSwitchBlock ()V 0 0 1 0 -1
ciMethod org/eclipse/jdt/internal/compiler/parser/Parser consumeSwitchBlockStatement ()V 0 0 1 0 -1
ciMethod org/eclipse/jdt/internal/compiler/parser/Parser consumeSwitchBlockStatements ()V 0 0 1 0 -1
ciMethod org/eclipse/jdt/internal/compiler/parser/Parser consumeSwitchLabels ()V 0 0 1 0 -1
ciMethod org/eclipse/jdt/internal/compiler/parser/Parser consumeTypeArgument ()V 17 1 2 0 -1
ciMethod org/eclipse/jdt/internal/compiler/parser/Parser consumeTypeArgumentList ()V 0 0 1 0 -1
ciMethod org/eclipse/jdt/internal/compiler/parser/Parser consumeTypeArgumentList1 ()V 17 1 2 0 -1
ciMethod org/eclipse/jdt/internal/compiler/parser/Parser consumeTypeArgumentList2 ()V 0 0 1 0 -1
ciMethod org/eclipse/jdt/internal/compiler/parser/Parser consumeTypeArgumentList3 ()V 0 0 1 0 -1
ciMethod org/eclipse/jdt/internal/compiler/parser/Parser consumeTypeArgumentReferenceType1 ()V 0 0 1 0 -1
ciMethod org/eclipse/jdt/internal/compiler/parser/Parser consumeTypeArgumentReferenceType2 ()V 0 0 1 0 -1
ciMethod org/eclipse/jdt/internal/compiler/parser/Parser consumeTypeArguments ()V 49 1 6 0 -1
ciMethod org/eclipse/jdt/internal/compiler/parser/Parser consumeTypeDeclarations ()V 0 0 1 0 -1
ciMethod org/eclipse/jdt/internal/compiler/parser/Parser consumeTypeHeaderNameWithTypeParameters ()V 0 0 1 0 -1
ciMethod org/eclipse/jdt/internal/compiler/parser/Parser consumeTypeImportOnDemandDeclarationName ()V 25 1 3 0 -1
ciMethod org/eclipse/jdt/internal/compiler/parser/Parser consumeTypeParameter1 ()V 0 0 1 0 -1
ciMethod org/eclipse/jdt/internal/compiler/parser/Parser consumeTypeParameter1WithExtends ()V 0 0 1 0 -1
ciMethod org/eclipse/jdt/internal/compiler/parser/Parser consumeTypeParameter1WithExtendsAndBounds ()V 0 0 1 0 -1
ciMethod org/eclipse/jdt/internal/compiler/parser/Parser consumeTypeParameterHeader ()V 0 0 1 0 -1
ciMethod org/eclipse/jdt/internal/compiler/parser/Parser consumeTypeParameterList ()V 0 0 1 0 -1
ciMethod org/eclipse/jdt/internal/compiler/parser/Parser consumeTypeParameterList1 ()V 0 0 1 0 -1
ciMethod org/eclipse/jdt/internal/compiler/parser/Parser consumeTypeParameters ()V 0 0 1 0 -1
ciMethod org/eclipse/jdt/internal/compiler/parser/Parser consumeTypeParameterWithExtends ()V 0 0 1 0 -1
ciMethod org/eclipse/jdt/internal/compiler/parser/Parser consumeTypeParameterWithExtendsAndBounds ()V 0 0 1 0 -1
ciMethod org/eclipse/jdt/internal/compiler/parser/Parser consumeZeroAdditionalBounds ()V 0 0 1 0 -1
ciMethod org/eclipse/jdt/internal/compiler/parser/Parser consumeUnaryExpression (I)V 0 0 1 0 -1
ciMethod org/eclipse/jdt/internal/compiler/parser/Parser consumeUnaryExpression (IZ)V 0 0 1 0 -1
ciMethod org/eclipse/jdt/internal/compiler/parser/Parser consumeVariableDeclarators ()V 0 0 1 0 -1
ciMethod org/eclipse/jdt/internal/compiler/parser/Parser consumeVariableInitializers ()V 0 0 1 0 -1
ciMethod org/eclipse/jdt/internal/compiler/parser/Parser consumeWildcard ()V 0 0 1 0 -1
ciMethod org/eclipse/jdt/internal/compiler/parser/Parser consumeWildcard1 ()V 0 0 1 0 -1
ciMethod org/eclipse/jdt/internal/compiler/parser/Parser consumeWildcard1WithBounds ()V 0 0 1 0 -1
ciMethod org/eclipse/jdt/internal/compiler/parser/Parser consumeWildcard2 ()V 0 0 1 0 -1
ciMethod org/eclipse/jdt/internal/compiler/parser/Parser consumeWildcard2WithBounds ()V 0 0 1 0 -1
ciMethod org/eclipse/jdt/internal/compiler/parser/Parser consumeWildcard3 ()V 0 0 1 0 -1
ciMethod org/eclipse/jdt/internal/compiler/parser/Parser consumeWildcard3WithBounds ()V 0 0 1 0 -1
ciMethod org/eclipse/jdt/internal/compiler/parser/Parser consumeWildcardBounds1Extends ()V 0 0 1 0 -1
ciMethod org/eclipse/jdt/internal/compiler/parser/Parser consumeWildcardBounds1Super ()V 0 0 1 0 -1
ciMethod org/eclipse/jdt/internal/compiler/parser/Parser consumeWildcardBounds2Extends ()V 0 0 1 0 -1
ciMethod org/eclipse/jdt/internal/compiler/parser/Parser consumeWildcardBounds2Super ()V 0 0 1 0 -1
ciMethod org/eclipse/jdt/internal/compiler/parser/Parser consumeWildcardBounds3Extends ()V 0 0 1 0 -1
ciMethod org/eclipse/jdt/internal/compiler/parser/Parser consumeWildcardBounds3Super ()V 0 0 1 0 -1
ciMethod org/eclipse/jdt/internal/compiler/parser/Parser consumeWildcardBoundsExtends ()V 0 0 1 0 -1
ciMethod org/eclipse/jdt/internal/compiler/parser/Parser consumeWildcardBoundsSuper ()V 0 0 1 0 -1
ciMethod org/eclipse/jdt/internal/compiler/parser/Parser consumeWildcardWithBounds ()V 0 0 1 0 -1
ciMethod org/eclipse/jdt/internal/compiler/parser/Parser getTypeReference (I)Lorg/eclipse/jdt/internal/compiler/ast/TypeReference; 1025 3001 18 0 -1
ciMethod org/eclipse/jdt/internal/compiler/parser/Parser getUnspecifiedReferenceOptimized ()Lorg/eclipse/jdt/internal/compiler/ast/NameReference; 0 0 1 0 -1
ciMethod org/eclipse/jdt/internal/compiler/parser/Parser ignoreExpressionAssignment ()V 0 0 1 0 -1
ciMethod org/eclipse/jdt/internal/compiler/parser/Parser jumpOverMethodBody ()V 241 1 2 0 -1
ciMethod org/eclipse/jdt/internal/compiler/parser/Parser optimizedConcatNodeLists ()V 337 1 4 0 -1
ciMethod org/eclipse/jdt/internal/compiler/parser/Parser pushOnAstLengthStack (I)V 297 1 12 0 -1
ciMethod org/eclipse/jdt/internal/compiler/parser/Parser pushOnAstStack (Lorg/eclipse/jdt/internal/compiler/ast/ASTNode;)V 1081 1 27 0 -1
ciMethod org/eclipse/jdt/internal/compiler/parser/Parser pushOnTypeAnnotationLengthStack (I)V 3329 1 94 0 -1
ciMethod org/eclipse/jdt/internal/compiler/parser/Parser pushOnExpressionStack (Lorg/eclipse/jdt/internal/compiler/ast/Expression;)V 9 1 1 0 -1
ciMethod org/eclipse/jdt/internal/compiler/parser/Parser pushOnExpressionStackLengthStack (I)V 873 1 29 0 -1
ciMethod org/eclipse/jdt/internal/compiler/parser/Parser pushOnGenericsIdentifiersLengthStack (I)V 697 1 19 0 -1
ciMethod org/eclipse/jdt/internal/compiler/parser/Parser pushOnGenericsLengthStack (I)V 697 1 19 0 -1
ciMethod org/eclipse/jdt/internal/compiler/parser/Parser pushOnGenericsStack (Lorg/eclipse/jdt/internal/compiler/ast/ASTNode;)V 65 1 8 0 -1
ciMethod org/eclipse/jdt/internal/compiler/parser/Parser pushOnIntStack (I)V 4097 1 67 0 -1
ciMethod org/eclipse/jdt/internal/compiler/parser/Parser resetModifiers ()V 801 1 15 0 -1
ciMethod org/eclipse/jdt/internal/compiler/ast/Initializer <init> (Lorg/eclipse/jdt/internal/compiler/ast/Block;I)V 17 1 2 0 -1
ciMethod org/eclipse/jdt/internal/compiler/ast/AbstractMethodDeclaration isAnnotationMethod ()Z 225 1 8 0 -1
instanceKlass org/eclipse/jdt/internal/compiler/ast/Invocation
instanceKlass org/eclipse/jdt/internal/compiler/ast/IPolyExpression
instanceKlass org/eclipse/jdt/internal/compiler/parser/ScannerHelper
instanceKlass org/eclipse/jdt/internal/compiler/ast/CompilationUnitDeclaration$1
instanceKlass org/eclipse/jdt/internal/compiler/lookup/InvocationSite
instanceKlass org/eclipse/jdt/internal/compiler/CompilationResult$1
